2021-09-28 01:29:20 INFO     Running then deleting
2021-09-28 01:29:21 INFO     Instance Found, delete possible, running: 
2021-09-28 01:29:21 INFO     Start, logging Exec time. Function: test_ni ad_info: 
2021-09-28 01:29:28 INFO     Declaring Specified Fault Injector

2021-09-28 01:37:38 INFO     End, Exec time: 496.69339682599997  ad_info: 
2021-09-28 01:37:38 INFO     end run, deleting vm
2021-09-28 04:04:38 INFO     Running then deleting
2021-09-28 04:04:39 INFO     Instance Found, delete possible, running: 
2021-09-28 04:04:39 INFO     Start, logging Exec time. Function: test_ni ad_info: 
2021-09-28 04:13:03 INFO     End, Exec time: 503.306086996  ad_info: 
2021-09-28 04:13:03 INFO     end run, deleting vm
2021-09-30 17:41:33 INFO     Running then deleting
2021-09-30 17:41:54 INFO     Instance Found, delete possible, running: 
2021-09-30 17:41:54 INFO     Start, logging Exec time. Function: train_prog ad_info: 
2021-09-30 21:03:25 INFO     End, Exec time: 11867.964000086  ad_info: 
2021-09-30 21:03:25 INFO     end run, deleting vm
2021-09-30 23:44:28 INFO     Running then deleting
2021-09-30 23:44:32 INFO     Instance Found, delete possible, running: 
2021-09-30 23:44:32 INFO     Start, logging Exec time. Function: inj_zero_plateau_epoch_160 ad_info: 
2021-09-30 23:45:10 INFO     Error: name 'test_batch_size' is not defined
2021-09-30 23:45:10 INFO     end run, deleting vm
2021-10-01 00:23:35 INFO     Running then deleting
2021-10-01 00:23:37 INFO     Instance Found, delete possible, running: 
2021-10-01 00:23:37 INFO     Start, logging Exec time. Function: inj_zero_plateau_epoch_160 ad_info: 
2021-10-01 00:24:24 INFO     Error: name 'tot' is not defined
2021-10-01 00:24:24 INFO     end run, deleting vm
2021-10-01 00:34:07 INFO     Running then deleting
2021-10-01 00:34:08 INFO     Instance Found, delete possible, running: 
2021-10-01 00:34:08 INFO     Start, logging Exec time. Function: inj_zero_plateau_epoch_160 ad_info: 
2021-10-01 02:05:34 INFO     End, Exec time: 5407.897747568  ad_info: 
2021-10-01 02:05:34 INFO     end run, deleting vm
2021-10-01 03:57:17 INFO     Running then deleting
2021-10-01 03:57:19 INFO     Instance Found, delete possible, running: 
2021-10-01 03:57:19 INFO     Start, logging Exec time. Function: test_ni ad_info: 
2021-10-04 23:00:26 INFO     Running then deleting
2021-10-04 23:05:39 INFO     Running then deleting
2021-10-04 23:08:40 INFO     Running then deleting
2021-10-04 23:11:22 INFO     Running then deleting
2021-10-04 23:11:23 INFO     Instance Found, delete possible, running: 
2021-10-04 23:11:23 INFO     Start, logging Exec time. Function: train_plateau ad_info: 
2021-10-04 23:37:08 INFO     Running then deleting
2021-10-04 23:37:10 INFO     Instance Found, delete possible, running: 
2021-10-04 23:37:10 INFO     Start, logging Exec time. Function: train_plateau ad_info: 
2021-10-04 23:46:45 INFO     Running then deleting
2021-10-04 23:46:46 INFO     Instance Found, delete possible, running: 
2021-10-04 23:46:46 INFO     Start, logging Exec time. Function: train_plateau ad_info: 
2021-10-05 02:06:53 INFO     End, Exec time: 8329.477511502  ad_info: 
2021-10-05 02:06:53 INFO     end run, deleting vm
2021-10-05 04:39:55 INFO     Running then deleting
2021-10-05 04:39:57 INFO     Instance Found, delete possible, running: 
2021-10-05 04:39:57 INFO     Start, logging Exec time. Function: inj_zero_plateau_epoch_160 ad_info: 
2021-10-05 05:03:21 INFO     End, Exec time: 1338.7929751739998  ad_info: 
2021-10-05 05:03:21 INFO     end run, deleting vm
2021-10-06 04:34:40 INFO     Running then deleting
2021-10-06 04:34:41 INFO     Instance Found, delete possible, running: 
2021-10-06 04:34:41 INFO     Start, logging Exec time. Function: train_prog ad_info: 
2021-10-06 05:46:10 INFO     End, Exec time: 4206.532201505  ad_info: 
2021-10-06 05:46:10 INFO     end run, deleting vm
2021-10-07 01:42:39 INFO     Running then deleting
2021-10-07 01:42:41 INFO     Instance Found, delete possible, running: 
2021-10-07 01:42:41 INFO     Start, logging Exec time. Function: test_ni ad_info: 
2021-10-07 03:03:19 INFO     End, Exec time: 4836.239633814  ad_info: 
2021-10-07 03:03:19 INFO     end run, deleting vm
2021-10-08 00:50:38 INFO     Running then deleting
2021-10-08 00:50:39 INFO     Instance Found, delete possible, running: 
2021-10-08 00:50:39 INFO     Start, logging Exec time. Function: prog_ws ad_info: 
2021-10-08 00:54:47 INFO     Running then deleting
2021-10-08 00:54:48 INFO     Instance Found, delete possible, running: 
2021-10-08 00:54:48 INFO     Start, logging Exec time. Function: prog_ws ad_info: 
2021-10-08 01:50:59 INFO     End, Exec time: 3348.667643235  ad_info: 
2021-10-08 01:50:59 INFO     end run, deleting vm
